<?xml version="1.0" encoding="UTF-8"?>
<testsuite xmlns:xsi="http://www.w3.org/2001/XMLSchema-instance" xsi:noNamespaceSchemaLocation="https://maven.apache.org/surefire/maven-surefire-plugin/xsd/surefire-test-report.xsd" name="TestSuite" time="114.386" tests="8" errors="0" skipped="0" failures="1">
  <properties>
[...]
</properties>
  <testcase name="womenLinkHomePageTest" classname="com.DemoProjecteCommerce2TestCases.TC0_WomenLinkTestCase_001" time="1.53">
    <failure message="expected:&lt;... fashion collections[]&gt; but was:&lt;... fashion collections[.]&gt;" type="junit.framework.ComparisonFailure"><![CDATA[junit.framework.ComparisonFailure: expected:<... fashion collections[]> but was:<... fashion collections[.]>
	at com.DemoProjecteCommerce2TestCases.TC0_WomenLinkTestCase_001.womenLinkHomePageTest(TC0_WomenLinkTestCase_001.java:29)
]]></failure>
    <system-out><![CDATA[You will find here all woman fashion collections.
]]></system-out>
    <system-err><![CDATA[Starting ChromeDriver 85.0.4183.87 (cd6713ebf92fa1cacc0f1a598df280093af0c5d7-refs/branch-heads/4183@{#1689}) on port 40026
Only local connections are allowed.
Please see https://chromedriver.chromium.org/security-considerations for suggestions on keeping ChromeDriver safe.
ChromeDriver was started successfully.
[1605357318.346][WARNING]: This version of ChromeDriver has not been tested with Chrome version 86.
Nov 14, 2020 7:35:20 AM org.openqa.selenium.remote.ProtocolHandshake createSession
INFO: Detected dialect: W3C
]]></system-err>
  </testcase>
  <testcase name="dressesLinkHomePageValidation" classname="com.DemoProjecteCommerce2TestCases.TC01_DressesLinkTestCase_001" time="1.048"/>
  <testcase name="tsShirtLinkHomePageTest" classname="com.DemoProjecteCommerce2TestCases.TC02_TsShirtLinkHomePageTestCase_001" time="0.91"/>
  <testcase name="logoWebHomePageTest" classname="com.DemoProjecteCommerce2TestCases.TC03_WebLogoHomePageTestCase_001" time="0.059"/>
  <testcase name="cartImageTestValidation" classname="com.DemoProjecteCommerce2TestCases.TC04_CartImageHomePageTestCase_001" time="0.57"/>
  <testcase name="addToCard" classname="com.DemoProjecteCommerce2TestCases.TC1_eCommerceLoginTestCase_001" time="21.797"/>
  <testcase name="loginTest" classname="com.DemoProjecteCommerce2TestCases.TC1_eCommerceLoginTestCase_001" time="11.638"/>
  <testcase name="addToCartTest" classname="com.DemoProjecteCommerce2TestCases.TC3_AddToCartItemTestCase_003" time="24.074"/>
</testsuite>