<?xml version="1.0" encoding="UTF-8"?>
<testng-results ignored="0" total="8" passed="7" failed="1" skipped="0">
  <reporter-output>
  </reporter-output>
  <suite started-at="2020-11-13T01:37:51 EST" name="eCommerce" finished-at="2020-11-13T01:39:43 EST" duration-ms="112003">
    <groups>
    </groups>
    <test started-at="2020-11-13T01:37:51 EST" name="eCommerceApp Test" finished-at="2020-11-13T01:39:43 EST" duration-ms="112003">
      <class name="com.DemoProjecteCommerce2TestCases.TC02_TsShirtLinkHomePageTestCase_001">
        <test-method is-config="true" signature="setup(java.lang.String)[pri:0, instance:com.DemoProjecteCommerce2TestCases.TC02_TsShirtLinkHomePageTestCase_001@45c7e403]" started-at="2020-11-13T01:38:08 EST" name="setup" finished-at="2020-11-13T01:38:15 EST" duration-ms="6403" status="PASS">
          <params>
            <param index="0">
              <value>
                <![CDATA[chrome]]>
              </value>
            </param>
          </params>
          <reporter-output>
          </reporter-output>
        </test-method> <!-- setup -->
        <test-method signature="tsShirtLinkHomePageTest()[pri:0, instance:com.DemoProjecteCommerce2TestCases.TC02_TsShirtLinkHomePageTestCase_001@45c7e403]" started-at="2020-11-13T01:38:15 EST" name="tsShirtLinkHomePageTest" finished-at="2020-11-13T01:38:16 EST" duration-ms="720" status="PASS">
          <reporter-output>
          </reporter-output>
        </test-method> <!-- tsShirtLinkHomePageTest -->
        <test-method is-config="true" signature="tearDown()[pri:0, instance:com.DemoProjecteCommerce2TestCases.TC02_TsShirtLinkHomePageTestCase_001@45c7e403]" started-at="2020-11-13T01:38:16 EST" name="tearDown" finished-at="2020-11-13T01:38:16 EST" duration-ms="637" status="PASS">
          <reporter-output>
          </reporter-output>
        </test-method> <!-- tearDown -->
      </class> <!-- com.DemoProjecteCommerce2TestCases.TC02_TsShirtLinkHomePageTestCase_001 -->
      <class name="com.DemoProjecteCommerce2TestCases.TC03_WebLogoHomePageTestCase_001">
        <test-method is-config="true" signature="setup(java.lang.String)[pri:0, instance:com.DemoProjecteCommerce2TestCases.TC03_WebLogoHomePageTestCase_001@2925bf5b]" started-at="2020-11-13T01:38:16 EST" name="setup" finished-at="2020-11-13T01:38:23 EST" duration-ms="6822" status="PASS">
          <params>
            <param index="0">
              <value>
                <![CDATA[chrome]]>
              </value>
            </param>
          </params>
          <reporter-output>
          </reporter-output>
        </test-method> <!-- setup -->
        <test-method signature="logoWebHomePageTest()[pri:0, instance:com.DemoProjecteCommerce2TestCases.TC03_WebLogoHomePageTestCase_001@2925bf5b]" started-at="2020-11-13T01:38:23 EST" name="logoWebHomePageTest" finished-at="2020-11-13T01:38:23 EST" duration-ms="63" status="PASS">
          <reporter-output>
          </reporter-output>
        </test-method> <!-- logoWebHomePageTest -->
        <test-method is-config="true" signature="tearDown()[pri:0, instance:com.DemoProjecteCommerce2TestCases.TC03_WebLogoHomePageTestCase_001@2925bf5b]" started-at="2020-11-13T01:38:23 EST" name="tearDown" finished-at="2020-11-13T01:38:24 EST" duration-ms="626" status="PASS">
          <reporter-output>
          </reporter-output>
        </test-method> <!-- tearDown -->
      </class> <!-- com.DemoProjecteCommerce2TestCases.TC03_WebLogoHomePageTestCase_001 -->
      <class name="com.DemoProjecteCommerce2TestCases.TC0_WomenLinkTestCase_001">
        <test-method is-config="true" signature="setup(java.lang.String)[pri:0, instance:com.DemoProjecteCommerce2TestCases.TC0_WomenLinkTestCase_001@279fedbd]" started-at="2020-11-13T01:37:51 EST" name="setup" finished-at="2020-11-13T01:37:58 EST" duration-ms="6776" status="PASS">
          <params>
            <param index="0">
              <value>
                <![CDATA[chrome]]>
              </value>
            </param>
          </params>
          <reporter-output>
          </reporter-output>
        </test-method> <!-- setup -->
        <test-method signature="womenLinkHomePageTest()[pri:0, instance:com.DemoProjecteCommerce2TestCases.TC0_WomenLinkTestCase_001@279fedbd]" started-at="2020-11-13T01:37:58 EST" name="womenLinkHomePageTest" finished-at="2020-11-13T01:37:59 EST" duration-ms="1539" status="FAIL">
          <exception class="junit.framework.ComparisonFailure">
            <message>
              <![CDATA[expected:<... fashion collections[]> but was:<... fashion collections[.]>]]>
            </message>
            <full-stacktrace>
              <![CDATA[junit.framework.ComparisonFailure: expected:<... fashion collections[]> but was:<... fashion collections[.]>
at junit.framework.Assert.assertEquals(Assert.java:100)
at junit.framework.Assert.assertEquals(Assert.java:107)
at com.DemoProjecteCommerce2TestCases.TC0_WomenLinkTestCase_001.womenLinkHomePageTest(TC0_WomenLinkTestCase_001.java:29)
at java.base/jdk.internal.reflect.NativeMethodAccessorImpl.invoke0(Native Method)
at java.base/jdk.internal.reflect.NativeMethodAccessorImpl.invoke(NativeMethodAccessorImpl.java:64)
at java.base/jdk.internal.reflect.DelegatingMethodAccessorImpl.invoke(DelegatingMethodAccessorImpl.java:43)
at java.base/java.lang.reflect.Method.invoke(Method.java:564)
at org.testng.internal.MethodInvocationHelper.invokeMethod(MethodInvocationHelper.java:134)
at org.testng.internal.TestInvoker.invokeMethod(TestInvoker.java:597)
at org.testng.internal.TestInvoker.invokeTestMethod(TestInvoker.java:173)
at org.testng.internal.MethodRunner.runInSequence(MethodRunner.java:46)
at org.testng.internal.TestInvoker$MethodInvocationAgent.invoke(TestInvoker.java:816)
at org.testng.internal.TestInvoker.invokeTestMethods(TestInvoker.java:146)
at org.testng.internal.TestMethodWorker.invokeTestMethods(TestMethodWorker.java:146)
at org.testng.internal.TestMethodWorker.run(TestMethodWorker.java:128)
at java.base/java.util.ArrayList.forEach(ArrayList.java:1511)
at org.testng.TestRunner.privateRun(TestRunner.java:766)
at org.testng.TestRunner.run(TestRunner.java:587)
at org.testng.SuiteRunner.runTest(SuiteRunner.java:384)
at org.testng.SuiteRunner.runSequentially(SuiteRunner.java:378)
at org.testng.SuiteRunner.privateRun(SuiteRunner.java:337)
at org.testng.SuiteRunner.run(SuiteRunner.java:286)
at org.testng.SuiteRunnerWorker.runSuite(SuiteRunnerWorker.java:53)
at org.testng.SuiteRunnerWorker.run(SuiteRunnerWorker.java:96)
at org.testng.TestNG.runSuitesSequentially(TestNG.java:1187)
at org.testng.TestNG.runSuitesLocally(TestNG.java:1109)
at org.testng.TestNG.runSuites(TestNG.java:1039)
at org.testng.TestNG.run(TestNG.java:1007)
at org.apache.maven.surefire.testng.TestNGExecutor.run(TestNGExecutor.java:283)
at org.apache.maven.surefire.testng.TestNGXmlTestSuite.execute(TestNGXmlTestSuite.java:75)
at org.apache.maven.surefire.testng.TestNGProvider.invoke(TestNGProvider.java:120)
at org.apache.maven.surefire.booter.ForkedBooter.invokeProviderInSameClassLoader(ForkedBooter.java:384)
at org.apache.maven.surefire.booter.ForkedBooter.runSuitesInProcess(ForkedBooter.java:345)
at org.apache.maven.surefire.booter.ForkedBooter.execute(ForkedBooter.java:126)
at org.apache.maven.surefire.booter.ForkedBooter.main(ForkedBooter.java:418)
]]>
            </full-stacktrace>
          </exception> <!-- junit.framework.ComparisonFailure -->
          <reporter-output>
          </reporter-output>
        </test-method> <!-- womenLinkHomePageTest -->
        <test-method is-config="true" signature="tearDown()[pri:0, instance:com.DemoProjecteCommerce2TestCases.TC0_WomenLinkTestCase_001@279fedbd]" started-at="2020-11-13T01:38:00 EST" name="tearDown" finished-at="2020-11-13T01:38:01 EST" duration-ms="602" status="PASS">
          <reporter-output>
          </reporter-output>
        </test-method> <!-- tearDown -->
      </class> <!-- com.DemoProjecteCommerce2TestCases.TC0_WomenLinkTestCase_001 -->
      <class name="com.DemoProjecteCommerce2TestCases.TC04_CartImageHomePageTestCase_001">
        <test-method is-config="true" signature="setup(java.lang.String)[pri:0, instance:com.DemoProjecteCommerce2TestCases.TC04_CartImageHomePageTestCase_001@710f4dc7]" started-at="2020-11-13T01:38:24 EST" name="setup" finished-at="2020-11-13T01:38:30 EST" duration-ms="6415" status="PASS">
          <params>
            <param index="0">
              <value>
                <![CDATA[chrome]]>
              </value>
            </param>
          </params>
          <reporter-output>
          </reporter-output>
        </test-method> <!-- setup -->
        <test-method signature="cartImageTestValidation()[pri:0, instance:com.DemoProjecteCommerce2TestCases.TC04_CartImageHomePageTestCase_001@710f4dc7]" started-at="2020-11-13T01:38:30 EST" name="cartImageTestValidation" finished-at="2020-11-13T01:38:31 EST" duration-ms="555" status="PASS">
          <reporter-output>
          </reporter-output>
        </test-method> <!-- cartImageTestValidation -->
        <test-method is-config="true" signature="tearDown()[pri:0, instance:com.DemoProjecteCommerce2TestCases.TC04_CartImageHomePageTestCase_001@710f4dc7]" started-at="2020-11-13T01:38:31 EST" name="tearDown" finished-at="2020-11-13T01:38:31 EST" duration-ms="610" status="PASS">
          <reporter-output>
          </reporter-output>
        </test-method> <!-- tearDown -->
      </class> <!-- com.DemoProjecteCommerce2TestCases.TC04_CartImageHomePageTestCase_001 -->
      <class name="com.DemoProjecteCommerce2TestCases.TC3_AddToCartItemTestCase_003">
        <test-method is-config="true" signature="setup(java.lang.String)[pri:0, instance:com.DemoProjecteCommerce2TestCases.TC3_AddToCartItemTestCase_003@65e98b1c]" started-at="2020-11-13T01:39:12 EST" name="setup" finished-at="2020-11-13T01:39:18 EST" duration-ms="6409" status="PASS">
          <params>
            <param index="0">
              <value>
                <![CDATA[chrome]]>
              </value>
            </param>
          </params>
          <reporter-output>
          </reporter-output>
        </test-method> <!-- setup -->
        <test-method signature="addToCartTest()[pri:0, instance:com.DemoProjecteCommerce2TestCases.TC3_AddToCartItemTestCase_003@65e98b1c]" started-at="2020-11-13T01:39:18 EST" name="addToCartTest" finished-at="2020-11-13T01:39:42 EST" duration-ms="23980" status="PASS">
          <reporter-output>
          </reporter-output>
        </test-method> <!-- addToCartTest -->
        <test-method is-config="true" signature="tearDown()[pri:0, instance:com.DemoProjecteCommerce2TestCases.TC3_AddToCartItemTestCase_003@65e98b1c]" started-at="2020-11-13T01:39:42 EST" name="tearDown" finished-at="2020-11-13T01:39:43 EST" duration-ms="624" status="PASS">
          <reporter-output>
          </reporter-output>
        </test-method> <!-- tearDown -->
      </class> <!-- com.DemoProjecteCommerce2TestCases.TC3_AddToCartItemTestCase_003 -->
      <class name="com.DemoProjecteCommerce2TestCases.TC1_eCommerceLoginTestCase_001">
        <test-method is-config="true" signature="setup(java.lang.String)[pri:0, instance:com.DemoProjecteCommerce2TestCases.TC1_eCommerceLoginTestCase_001@1ff4931d]" started-at="2020-11-13T01:38:31 EST" name="setup" finished-at="2020-11-13T01:38:38 EST" duration-ms="6396" status="PASS">
          <params>
            <param index="0">
              <value>
                <![CDATA[chrome]]>
              </value>
            </param>
          </params>
          <reporter-output>
          </reporter-output>
        </test-method> <!-- setup -->
        <test-method signature="addToCard()[pri:0, instance:com.DemoProjecteCommerce2TestCases.TC1_eCommerceLoginTestCase_001@1ff4931d]" started-at="2020-11-13T01:38:38 EST" name="addToCard" finished-at="2020-11-13T01:39:00 EST" duration-ms="21834" status="PASS">
          <reporter-output>
          </reporter-output>
        </test-method> <!-- addToCard -->
        <test-method signature="loginTest()[pri:0, instance:com.DemoProjecteCommerce2TestCases.TC1_eCommerceLoginTestCase_001@1ff4931d]" started-at="2020-11-13T01:39:00 EST" name="loginTest" finished-at="2020-11-13T01:39:11 EST" duration-ms="11853" status="PASS">
          <reporter-output>
          </reporter-output>
        </test-method> <!-- loginTest -->
        <test-method is-config="true" signature="tearDown()[pri:0, instance:com.DemoProjecteCommerce2TestCases.TC1_eCommerceLoginTestCase_001@1ff4931d]" started-at="2020-11-13T01:39:11 EST" name="tearDown" finished-at="2020-11-13T01:39:12 EST" duration-ms="608" status="PASS">
          <reporter-output>
          </reporter-output>
        </test-method> <!-- tearDown -->
      </class> <!-- com.DemoProjecteCommerce2TestCases.TC1_eCommerceLoginTestCase_001 -->
      <class name="com.DemoProjecteCommerce2TestCases.TC01_DressesLinkTestCase_001">
        <test-method is-config="true" signature="setup(java.lang.String)[pri:0, instance:com.DemoProjecteCommerce2TestCases.TC01_DressesLinkTestCase_001@b3ca52e]" started-at="2020-11-13T01:38:01 EST" name="setup" finished-at="2020-11-13T01:38:07 EST" duration-ms="6426" status="PASS">
          <params>
            <param index="0">
              <value>
                <![CDATA[chrome]]>
              </value>
            </param>
          </params>
          <reporter-output>
          </reporter-output>
        </test-method> <!-- setup -->
        <test-method signature="dressesLinkHomePageValidation()[pri:0, instance:com.DemoProjecteCommerce2TestCases.TC01_DressesLinkTestCase_001@b3ca52e]" started-at="2020-11-13T01:38:07 EST" name="dressesLinkHomePageValidation" finished-at="2020-11-13T01:38:08 EST" duration-ms="921" status="PASS">
          <reporter-output>
          </reporter-output>
        </test-method> <!-- dressesLinkHomePageValidation -->
        <test-method is-config="true" signature="tearDown()[pri:0, instance:com.DemoProjecteCommerce2TestCases.TC01_DressesLinkTestCase_001@b3ca52e]" started-at="2020-11-13T01:38:08 EST" name="tearDown" finished-at="2020-11-13T01:38:08 EST" duration-ms="619" status="PASS">
          <reporter-output>
          </reporter-output>
        </test-method> <!-- tearDown -->
      </class> <!-- com.DemoProjecteCommerce2TestCases.TC01_DressesLinkTestCase_001 -->
    </test> <!-- eCommerceApp Test -->
  </suite> <!-- eCommerce -->
</testng-results>
