-------------------------------------------------------------------------------
Test set: TestSuite
-------------------------------------------------------------------------------
Tests run: 8, Failures: 1, Errors: 0, Skipped: 0, Time elapsed: 112.667 s <<< FAILURE! - in TestSuite
womenLinkHomePageTest(com.DemoProjecteCommerce2TestCases.TC0_WomenLinkTestCase_001)  Time elapsed: 2.077 s  <<< FAILURE!
junit.framework.ComparisonFailure: expected:<... fashion collections[]> but was:<... fashion collections[.]>
	at com.DemoProjecteCommerce2TestCases.TC0_WomenLinkTestCase_001.womenLinkHomePageTest(TC0_WomenLinkTestCase_001.java:29)

