<?xml version="1.0" encoding="UTF-8"?>
<!-- Generated by org.testng.reporters.JUnitXMLReporter -->
<testsuite ignored="0" hostname="LAPTOP-R9SPVK9V" failures="1" tests="8" name="eCommerceApp Test" time="112.003" errors="0" timestamp="2020-11-13T01:39:43 EST">
  <testcase classname="com.DemoProjecteCommerce2TestCases.TC0_WomenLinkTestCase_001" name="womenLinkHomePageTest" time="1.539">
    <failure type="junit.framework.ComparisonFailure" message="expected:&amp;lt;... fashion collections[]&amp;gt; but was:&amp;lt;... fashion collections[.]&amp;gt;">
      <![CDATA[junit.framework.ComparisonFailure: expected:<... fashion collections[]> but was:<... fashion collections[.]>
at junit.framework.Assert.assertEquals(Assert.java:100)
at junit.framework.Assert.assertEquals(Assert.java:107)
at com.DemoProjecteCommerce2TestCases.TC0_WomenLinkTestCase_001.womenLinkHomePageTest(TC0_WomenLinkTestCase_001.java:29)
at java.base/java.util.ArrayList.forEach(ArrayList.java:1511)
... Removed 31 stack frames]]>
    </failure>
  </testcase> <!-- womenLinkHomePageTest -->
  <testcase classname="com.DemoProjecteCommerce2TestCases.TC01_DressesLinkTestCase_001" name="dressesLinkHomePageValidation" time="0.921"/>
  <testcase classname="com.DemoProjecteCommerce2TestCases.TC02_TsShirtLinkHomePageTestCase_001" name="tsShirtLinkHomePageTest" time="0.72"/>
  <testcase classname="com.DemoProjecteCommerce2TestCases.TC03_WebLogoHomePageTestCase_001" name="logoWebHomePageTest" time="0.063"/>
  <testcase classname="com.DemoProjecteCommerce2TestCases.TC04_CartImageHomePageTestCase_001" name="cartImageTestValidation" time="0.555"/>
  <testcase classname="com.DemoProjecteCommerce2TestCases.TC1_eCommerceLoginTestCase_001" name="addToCard" time="21.834"/>
  <testcase classname="com.DemoProjecteCommerce2TestCases.TC1_eCommerceLoginTestCase_001" name="loginTest" time="11.853"/>
  <testcase classname="com.DemoProjecteCommerce2TestCases.TC3_AddToCartItemTestCase_003" name="addToCartTest" time="23.98"/>
</testsuite> <!-- eCommerceApp Test -->
