<?xml version="1.0" encoding="UTF-8"?>
<testng-results skipped="0" failed="1" ignored="0" total="8" passed="7">
  <reporter-output>
  </reporter-output>
  <suite name="eCommerce" duration-ms="113651" started-at="2020-11-07T15:23:15 EST" finished-at="2020-11-07T15:25:08 EST">
    <groups>
    </groups>
    <test name="eCommerceApp Test" duration-ms="113651" started-at="2020-11-07T15:23:15 EST" finished-at="2020-11-07T15:25:08 EST">
      <class name="com.DemoProjecteCommerce2TestCases.TC02_TsShirtLinkHomePageTestCase_001">
        <test-method status="PASS" signature="setup(java.lang.String)[pri:0, instance:com.DemoProjecteCommerce2TestCases.TC02_TsShirtLinkHomePageTestCase_001@351d0846]" name="setup" is-config="true" duration-ms="6435" started-at="2020-11-07T15:23:32 EST" finished-at="2020-11-07T15:23:39 EST">
          <params>
            <param index="0">
              <value>
                <![CDATA[chrome]]>
              </value>
            </param>
          </params>
          <reporter-output>
          </reporter-output>
        </test-method> <!-- setup -->
        <test-method status="PASS" signature="tsShirtLinkHomePageTest()[pri:0, instance:com.DemoProjecteCommerce2TestCases.TC02_TsShirtLinkHomePageTestCase_001@351d0846]" name="tsShirtLinkHomePageTest" duration-ms="906" started-at="2020-11-07T15:23:39 EST" finished-at="2020-11-07T15:23:40 EST">
          <reporter-output>
          </reporter-output>
        </test-method> <!-- tsShirtLinkHomePageTest -->
        <test-method status="PASS" signature="tearDown()[pri:0, instance:com.DemoProjecteCommerce2TestCases.TC02_TsShirtLinkHomePageTestCase_001@351d0846]" name="tearDown" is-config="true" duration-ms="612" started-at="2020-11-07T15:23:40 EST" finished-at="2020-11-07T15:23:40 EST">
          <reporter-output>
          </reporter-output>
        </test-method> <!-- tearDown -->
      </class> <!-- com.DemoProjecteCommerce2TestCases.TC02_TsShirtLinkHomePageTestCase_001 -->
      <class name="com.DemoProjecteCommerce2TestCases.TC03_WebLogoHomePageTestCase_001">
        <test-method status="PASS" signature="setup(java.lang.String)[pri:0, instance:com.DemoProjecteCommerce2TestCases.TC03_WebLogoHomePageTestCase_001@77e4c80f]" name="setup" is-config="true" duration-ms="6924" started-at="2020-11-07T15:23:40 EST" finished-at="2020-11-07T15:23:47 EST">
          <params>
            <param index="0">
              <value>
                <![CDATA[chrome]]>
              </value>
            </param>
          </params>
          <reporter-output>
          </reporter-output>
        </test-method> <!-- setup -->
        <test-method status="PASS" signature="logoWebHomePageTest()[pri:0, instance:com.DemoProjecteCommerce2TestCases.TC03_WebLogoHomePageTestCase_001@77e4c80f]" name="logoWebHomePageTest" duration-ms="47" started-at="2020-11-07T15:23:47 EST" finished-at="2020-11-07T15:23:47 EST">
          <reporter-output>
          </reporter-output>
        </test-method> <!-- logoWebHomePageTest -->
        <test-method status="PASS" signature="tearDown()[pri:0, instance:com.DemoProjecteCommerce2TestCases.TC03_WebLogoHomePageTestCase_001@77e4c80f]" name="tearDown" is-config="true" duration-ms="871" started-at="2020-11-07T15:23:47 EST" finished-at="2020-11-07T15:23:48 EST">
          <reporter-output>
          </reporter-output>
        </test-method> <!-- tearDown -->
      </class> <!-- com.DemoProjecteCommerce2TestCases.TC03_WebLogoHomePageTestCase_001 -->
      <class name="com.DemoProjecteCommerce2TestCases.TC04_CartImageHomePageTestCase_001">
        <test-method status="PASS" signature="setup(java.lang.String)[pri:0, instance:com.DemoProjecteCommerce2TestCases.TC04_CartImageHomePageTestCase_001@35fc6dc4]" name="setup" is-config="true" duration-ms="6524" started-at="2020-11-07T15:23:48 EST" finished-at="2020-11-07T15:23:55 EST">
          <params>
            <param index="0">
              <value>
                <![CDATA[chrome]]>
              </value>
            </param>
          </params>
          <reporter-output>
          </reporter-output>
        </test-method> <!-- setup -->
        <test-method status="PASS" signature="cartImageTestValidation()[pri:0, instance:com.DemoProjecteCommerce2TestCases.TC04_CartImageHomePageTestCase_001@35fc6dc4]" name="cartImageTestValidation" duration-ms="597" started-at="2020-11-07T15:23:55 EST" finished-at="2020-11-07T15:23:55 EST">
          <reporter-output>
          </reporter-output>
        </test-method> <!-- cartImageTestValidation -->
        <test-method status="PASS" signature="tearDown()[pri:0, instance:com.DemoProjecteCommerce2TestCases.TC04_CartImageHomePageTestCase_001@35fc6dc4]" name="tearDown" is-config="true" duration-ms="615" started-at="2020-11-07T15:23:55 EST" finished-at="2020-11-07T15:23:56 EST">
          <reporter-output>
          </reporter-output>
        </test-method> <!-- tearDown -->
      </class> <!-- com.DemoProjecteCommerce2TestCases.TC04_CartImageHomePageTestCase_001 -->
      <class name="com.DemoProjecteCommerce2TestCases.TC0_WomenLinkTestCase_001">
        <test-method status="PASS" signature="setup(java.lang.String)[pri:0, instance:com.DemoProjecteCommerce2TestCases.TC0_WomenLinkTestCase_001@4450d156]" name="setup" is-config="true" duration-ms="7202" started-at="2020-11-07T15:23:15 EST" finished-at="2020-11-07T15:23:22 EST">
          <params>
            <param index="0">
              <value>
                <![CDATA[chrome]]>
              </value>
            </param>
          </params>
          <reporter-output>
          </reporter-output>
        </test-method> <!-- setup -->
        <test-method status="FAIL" signature="womenLinkHomePageTest()[pri:0, instance:com.DemoProjecteCommerce2TestCases.TC0_WomenLinkTestCase_001@4450d156]" name="womenLinkHomePageTest" duration-ms="1199" started-at="2020-11-07T15:23:22 EST" finished-at="2020-11-07T15:23:23 EST">
          <exception class="junit.framework.ComparisonFailure">
            <message>
              <![CDATA[expected:<... fashion collections[]> but was:<... fashion collections[.]>]]>
            </message>
            <full-stacktrace>
              <![CDATA[junit.framework.ComparisonFailure: expected:<... fashion collections[]> but was:<... fashion collections[.]>
at junit.framework.Assert.assertEquals(Assert.java:100)
at junit.framework.Assert.assertEquals(Assert.java:107)
at com.DemoProjecteCommerce2TestCases.TC0_WomenLinkTestCase_001.womenLinkHomePageTest(TC0_WomenLinkTestCase_001.java:29)
at sun.reflect.NativeMethodAccessorImpl.invoke0(Native Method)
at sun.reflect.NativeMethodAccessorImpl.invoke(NativeMethodAccessorImpl.java:62)
at sun.reflect.DelegatingMethodAccessorImpl.invoke(DelegatingMethodAccessorImpl.java:43)
at java.lang.reflect.Method.invoke(Method.java:498)
at org.testng.internal.MethodInvocationHelper.invokeMethod(MethodInvocationHelper.java:134)
at org.testng.internal.TestInvoker.invokeMethod(TestInvoker.java:597)
at org.testng.internal.TestInvoker.invokeTestMethod(TestInvoker.java:173)
at org.testng.internal.MethodRunner.runInSequence(MethodRunner.java:46)
at org.testng.internal.TestInvoker$MethodInvocationAgent.invoke(TestInvoker.java:816)
at org.testng.internal.TestInvoker.invokeTestMethods(TestInvoker.java:146)
at org.testng.internal.TestMethodWorker.invokeTestMethods(TestMethodWorker.java:146)
at org.testng.internal.TestMethodWorker.run(TestMethodWorker.java:128)
at java.util.ArrayList.forEach(ArrayList.java:1257)
at org.testng.TestRunner.privateRun(TestRunner.java:766)
at org.testng.TestRunner.run(TestRunner.java:587)
at org.testng.SuiteRunner.runTest(SuiteRunner.java:384)
at org.testng.SuiteRunner.runSequentially(SuiteRunner.java:378)
at org.testng.SuiteRunner.privateRun(SuiteRunner.java:337)
at org.testng.SuiteRunner.run(SuiteRunner.java:286)
at org.testng.SuiteRunnerWorker.runSuite(SuiteRunnerWorker.java:53)
at org.testng.SuiteRunnerWorker.run(SuiteRunnerWorker.java:96)
at org.testng.TestNG.runSuitesSequentially(TestNG.java:1187)
at org.testng.TestNG.runSuitesLocally(TestNG.java:1109)
at org.testng.TestNG.runSuites(TestNG.java:1039)
at org.testng.TestNG.run(TestNG.java:1007)
at org.testng.remote.AbstractRemoteTestNG.run(AbstractRemoteTestNG.java:115)
at org.testng.remote.RemoteTestNG.initAndRun(RemoteTestNG.java:251)
at org.testng.remote.RemoteTestNG.main(RemoteTestNG.java:77)
]]>
            </full-stacktrace>
          </exception> <!-- junit.framework.ComparisonFailure -->
          <reporter-output>
          </reporter-output>
        </test-method> <!-- womenLinkHomePageTest -->
        <test-method status="PASS" signature="tearDown()[pri:0, instance:com.DemoProjecteCommerce2TestCases.TC0_WomenLinkTestCase_001@4450d156]" name="tearDown" is-config="true" duration-ms="619" started-at="2020-11-07T15:23:24 EST" finished-at="2020-11-07T15:23:24 EST">
          <reporter-output>
          </reporter-output>
        </test-method> <!-- tearDown -->
      </class> <!-- com.DemoProjecteCommerce2TestCases.TC0_WomenLinkTestCase_001 -->
      <class name="com.DemoProjecteCommerce2TestCases.TC3_AddToCartItemTestCase_003">
        <test-method status="PASS" signature="setup(java.lang.String)[pri:0, instance:com.DemoProjecteCommerce2TestCases.TC3_AddToCartItemTestCase_003@226a82c4]" name="setup" is-config="true" duration-ms="6961" started-at="2020-11-07T15:24:37 EST" finished-at="2020-11-07T15:24:44 EST">
          <params>
            <param index="0">
              <value>
                <![CDATA[chrome]]>
              </value>
            </param>
          </params>
          <reporter-output>
          </reporter-output>
        </test-method> <!-- setup -->
        <test-method status="PASS" signature="addToCartTest()[pri:0, instance:com.DemoProjecteCommerce2TestCases.TC3_AddToCartItemTestCase_003@226a82c4]" name="addToCartTest" duration-ms="23481" started-at="2020-11-07T15:24:44 EST" finished-at="2020-11-07T15:25:08 EST">
          <reporter-output>
          </reporter-output>
        </test-method> <!-- addToCartTest -->
        <test-method status="PASS" signature="tearDown()[pri:0, instance:com.DemoProjecteCommerce2TestCases.TC3_AddToCartItemTestCase_003@226a82c4]" name="tearDown" is-config="true" duration-ms="618" started-at="2020-11-07T15:25:08 EST" finished-at="2020-11-07T15:25:08 EST">
          <reporter-output>
          </reporter-output>
        </test-method> <!-- tearDown -->
      </class> <!-- com.DemoProjecteCommerce2TestCases.TC3_AddToCartItemTestCase_003 -->
      <class name="com.DemoProjecteCommerce2TestCases.TC1_eCommerceLoginTestCase_001">
        <test-method status="PASS" signature="setup(java.lang.String)[pri:0, instance:com.DemoProjecteCommerce2TestCases.TC1_eCommerceLoginTestCase_001@7fe8ea47]" name="setup" is-config="true" duration-ms="6385" started-at="2020-11-07T15:23:56 EST" finished-at="2020-11-07T15:24:02 EST">
          <params>
            <param index="0">
              <value>
                <![CDATA[chrome]]>
              </value>
            </param>
          </params>
          <reporter-output>
          </reporter-output>
        </test-method> <!-- setup -->
        <test-method status="PASS" signature="addToCard()[pri:0, instance:com.DemoProjecteCommerce2TestCases.TC1_eCommerceLoginTestCase_001@7fe8ea47]" name="addToCard" duration-ms="22003" started-at="2020-11-07T15:24:02 EST" finished-at="2020-11-07T15:24:24 EST">
          <reporter-output>
          </reporter-output>
        </test-method> <!-- addToCard -->
        <test-method status="PASS" signature="loginTest()[pri:0, instance:com.DemoProjecteCommerce2TestCases.TC1_eCommerceLoginTestCase_001@7fe8ea47]" name="loginTest" duration-ms="12372" started-at="2020-11-07T15:24:24 EST" finished-at="2020-11-07T15:24:37 EST">
          <reporter-output>
          </reporter-output>
        </test-method> <!-- loginTest -->
        <test-method status="PASS" signature="tearDown()[pri:0, instance:com.DemoProjecteCommerce2TestCases.TC1_eCommerceLoginTestCase_001@7fe8ea47]" name="tearDown" is-config="true" duration-ms="620" started-at="2020-11-07T15:24:37 EST" finished-at="2020-11-07T15:24:37 EST">
          <reporter-output>
          </reporter-output>
        </test-method> <!-- tearDown -->
      </class> <!-- com.DemoProjecteCommerce2TestCases.TC1_eCommerceLoginTestCase_001 -->
      <class name="com.DemoProjecteCommerce2TestCases.TC01_DressesLinkTestCase_001">
        <test-method status="PASS" signature="setup(java.lang.String)[pri:0, instance:com.DemoProjecteCommerce2TestCases.TC01_DressesLinkTestCase_001@4461c7e3]" name="setup" is-config="true" duration-ms="6651" started-at="2020-11-07T15:23:24 EST" finished-at="2020-11-07T15:23:31 EST">
          <params>
            <param index="0">
              <value>
                <![CDATA[chrome]]>
              </value>
            </param>
          </params>
          <reporter-output>
          </reporter-output>
        </test-method> <!-- setup -->
        <test-method status="PASS" signature="dressesLinkHomePageValidation()[pri:0, instance:com.DemoProjecteCommerce2TestCases.TC01_DressesLinkTestCase_001@4461c7e3]" name="dressesLinkHomePageValidation" duration-ms="849" started-at="2020-11-07T15:23:31 EST" finished-at="2020-11-07T15:23:32 EST">
          <reporter-output>
          </reporter-output>
        </test-method> <!-- dressesLinkHomePageValidation -->
        <test-method status="PASS" signature="tearDown()[pri:0, instance:com.DemoProjecteCommerce2TestCases.TC01_DressesLinkTestCase_001@4461c7e3]" name="tearDown" is-config="true" duration-ms="620" started-at="2020-11-07T15:23:32 EST" finished-at="2020-11-07T15:23:32 EST">
          <reporter-output>
          </reporter-output>
        </test-method> <!-- tearDown -->
      </class> <!-- com.DemoProjecteCommerce2TestCases.TC01_DressesLinkTestCase_001 -->
    </test> <!-- eCommerceApp Test -->
  </suite> <!-- eCommerce -->
</testng-results>
