<?xml version="1.0" encoding="UTF-8"?>
<!-- Generated by org.testng.reporters.JUnitXMLReporter -->
<testsuite hostname="LAPTOP-R9SPVK9V" ignored="0" name="eCommerceApp Test" tests="8" failures="1" timestamp="2020-11-07T15:25:08 EST" time="113.651" errors="0">
  <testcase name="womenLinkHomePageTest" time="1.199" classname="com.DemoProjecteCommerce2TestCases.TC0_WomenLinkTestCase_001">
    <failure type="junit.framework.ComparisonFailure" message="expected:&amp;lt;... fashion collections[]&amp;gt; but was:&amp;lt;... fashion collections[.]&amp;gt;">
      <![CDATA[junit.framework.ComparisonFailure: expected:<... fashion collections[]> but was:<... fashion collections[.]>
at junit.framework.Assert.assertEquals(Assert.java:100)
at junit.framework.Assert.assertEquals(Assert.java:107)
at com.DemoProjecteCommerce2TestCases.TC0_WomenLinkTestCase_001.womenLinkHomePageTest(TC0_WomenLinkTestCase_001.java:29)
at java.util.ArrayList.forEach(ArrayList.java:1257)
... Removed 27 stack frames]]>
    </failure>
  </testcase> <!-- womenLinkHomePageTest -->
  <testcase name="dressesLinkHomePageValidation" time="0.849" classname="com.DemoProjecteCommerce2TestCases.TC01_DressesLinkTestCase_001"/>
  <testcase name="tsShirtLinkHomePageTest" time="0.906" classname="com.DemoProjecteCommerce2TestCases.TC02_TsShirtLinkHomePageTestCase_001"/>
  <testcase name="logoWebHomePageTest" time="0.047" classname="com.DemoProjecteCommerce2TestCases.TC03_WebLogoHomePageTestCase_001"/>
  <testcase name="cartImageTestValidation" time="0.597" classname="com.DemoProjecteCommerce2TestCases.TC04_CartImageHomePageTestCase_001"/>
  <testcase name="addToCard" time="22.003" classname="com.DemoProjecteCommerce2TestCases.TC1_eCommerceLoginTestCase_001"/>
  <testcase name="loginTest" time="12.372" classname="com.DemoProjecteCommerce2TestCases.TC1_eCommerceLoginTestCase_001"/>
  <testcase name="addToCartTest" time="23.481" classname="com.DemoProjecteCommerce2TestCases.TC3_AddToCartItemTestCase_003"/>
</testsuite> <!-- eCommerceApp Test -->
